<?xml version="1.0" encoding="UTF-8"?>
<testng-results ignored="0" total="1" passed="1" failed="0" skipped="0">
  <reporter-output>
  </reporter-output>
  <suite started-at="2023-09-26T18:13:20 IST" name="Default suite" finished-at="2023-09-26T18:13:35 IST" duration-ms="15278">
    <groups>
    </groups>
    <test started-at="2023-09-26T18:13:20 IST" name="Default test" finished-at="2023-09-26T18:13:35 IST" duration-ms="15278">
      <class name="ui.demomain">
        <test-method signature="demorun()[pri:0, instance:ui.demomain@145f66e3]" started-at="2023-09-26T18:13:20 IST" name="demorun" finished-at="2023-09-26T18:13:35 IST" duration-ms="15199" status="PASS">
          <reporter-output>
          </reporter-output>
        </test-method> <!-- demorun -->
      </class> <!-- ui.demomain -->
    </test> <!-- Default test -->
  </suite> <!-- Default suite -->
</testng-results>
